<?xml version="1.0" encoding="UTF-8"?>
<!-- Generated by org.testng.reporters.JUnitReportReporter -->
<testsuite hostname="AMIT_LAPTOP" failures="0" tests="1" name="ex1.ticketor_tests" time="9.227" errors="0" timestamp="2022-05-01T15:55:39 IDT" skipped="0">
  <testcase classname="ex1.ticketor_tests" name="testOrderTicket" time="9.227"/>
  <system-out/>
</testsuite> <!-- ex1.ticketor_tests -->
