<?xml version="1.0" encoding="UTF-8"?>
<!-- Generated by org.testng.reporters.JUnitReportReporter -->
<testsuite hostname="AMIT_LAPTOP" failures="0" tests="1" name="ex1.testLogin" time="10.071" errors="0" timestamp="2022-05-07T16:21:49 IDT" skipped="0">
  <testcase classname="ex1.testLogin" name="testLogin" time="10.071"/>
  <system-out/>
</testsuite> <!-- ex1.testLogin -->
