<?xml version="1.0" encoding="UTF-8"?>
<!-- Generated by org.testng.reporters.JUnitReportReporter -->
<testsuite hostname="DESKTOP-B47HB45" failures="0" tests="1" name="ex1.testLogin" time="13.108" errors="0" timestamp="2022-05-11T17:40:28 IDT" skipped="0">
  <testcase classname="ex1.testLogin" name="testLogin" time="13.108"/>
  <system-out/>
</testsuite> <!-- ex1.testLogin -->
