<?xml version="1.0" encoding="UTF-8"?>
<!-- Generated by org.testng.reporters.JUnitReportReporter -->
<testsuite hostname="DESKTOP-B47HB45" failures="0" tests="1" name="ex1.ticketorTests" time="9.858" errors="0" timestamp="2022-05-11T18:22:31 IDT" skipped="0">
  <testcase classname="ex1.ticketorTests" name="testOrderTicket" time="9.858"/>
  <system-out/>
</testsuite> <!-- ex1.ticketorTests -->
