<?xml version="1.0" encoding="UTF-8"?>
<!-- Generated by org.testng.reporters.JUnitReportReporter -->
<testsuite hostname="DESKTOP-B47HB45" failures="0" tests="1" name="ex1.testLogin" time="15.165" errors="0" timestamp="2022-05-07T21:38:12 IDT" skipped="0">
  <testcase classname="ex1.testLogin" name="testLogin" time="15.165"/>
  <system-out/>
</testsuite> <!-- ex1.testLogin -->
