<?xml version="1.0" encoding="UTF-8"?>
<!-- Generated by org.testng.reporters.JUnitReportReporter -->
<testsuite hostname="DESKTOP-B47HB45" failures="0" tests="1" name="ex1.testSignUp" time="14.090" errors="0" timestamp="2022-05-11T17:43:04 IDT" skipped="0">
  <testcase classname="ex1.testSignUp" name="testSignUp" time="14.090"/>
  <system-out/>
</testsuite> <!-- ex1.testSignUp -->
