<?xml version="1.0" encoding="UTF-8"?>
<!-- Generated by org.testng.reporters.JUnitReportReporter -->
<testsuite hostname="DESKTOP-B47HB45" failures="0" tests="1" name="ex1.ticketorTests" time="12.963" errors="0" timestamp="2022-05-08T10:24:40 IDT" skipped="0">
  <testcase classname="ex1.ticketorTests" name="testOrderTicket" time="12.963"/>
  <system-out/>
</testsuite> <!-- ex1.ticketorTests -->
