<?xml version="1.0" encoding="UTF-8"?>
<!-- Generated by org.testng.reporters.JUnitReportReporter -->
<testsuite ignored="0" hostname="DESKTOP-B47HB45" failures="0" tests="1" name="ex1.signUp" time="7.441" errors="0" timestamp="24 Apr 2022 12:03:19 GMT" skipped="0">
  <testcase classname="ex1.signUp" name="testSignUp" time="7.441"/>
</testsuite> <!-- ex1.signUp -->
